CRITICAL - 2022-06-22 02:03:22 --> Undefined property: App\Controllers\Tagihan::$db
in APPPATH/Controllers/Tagihan.php on line 13.
 1 APPPATH/Controllers/Tagihan.php(13): CodeIgniter\Debug\Exceptions->errorHandler()
 2 SYSTEMPATH/CodeIgniter.php(896): App\Controllers\Tagihan->getTagihan()
 3 SYSTEMPATH/CodeIgniter.php(466): CodeIgniter\CodeIgniter->runController()
 4 SYSTEMPATH/CodeIgniter.php(349): CodeIgniter\CodeIgniter->handleRequest()
 5 FCPATH/index.php(55): CodeIgniter\CodeIgniter->run()
 6 SYSTEMPATH/Commands/Server/rewrite.php(43): require_once('FCPATH/index.php')
CRITICAL - 2022-06-22 11:45:12 --> Use of undefined constant data - assumed 'data' (this will throw an Error in a future version of PHP)
in APPPATH/Views/admin/templates/footer.php on line 42.
 1 APPPATH/Views/admin/templates/footer.php(42): CodeIgniter\Debug\Exceptions->errorHandler()
 2 SYSTEMPATH/View/View.php(213): include('APPPATH/Views/admin/templates/footer.php')
 3 SYSTEMPATH/View/View.php(216): CodeIgniter\View\View->CodeIgniter\View\{closure}()
 4 SYSTEMPATH/Common.php(1135): CodeIgniter\View\View->render()
 5 APPPATH/Controllers/Admin/Tagihan.php(17): view()
 6 SYSTEMPATH/CodeIgniter.php(896): App\Controllers\Admin\Tagihan->index()
 7 SYSTEMPATH/CodeIgniter.php(466): CodeIgniter\CodeIgniter->runController()
 8 SYSTEMPATH/CodeIgniter.php(349): CodeIgniter\CodeIgniter->handleRequest()
 9 FCPATH/index.php(55): CodeIgniter\CodeIgniter->run()
10 SYSTEMPATH/Commands/Server/rewrite.php(43): require_once('FCPATH/index.php')
ERROR - 2022-06-22 23:16:27 --> Column 'batas_waktu' cannot be null
CRITICAL - 2022-06-22 23:16:27 --> Column 'batas_waktu' cannot be null
in SYSTEMPATH/Database/MySQLi/Connection.php on line 292.
 1 SYSTEMPATH/Database/MySQLi/Connection.php(292): mysqli->query()
 2 SYSTEMPATH/Database/BaseConnection.php(695): CodeIgniter\Database\MySQLi\Connection->execute()
 3 SYSTEMPATH/Database/BaseConnection.php(609): CodeIgniter\Database\BaseConnection->simpleQuery()
 4 SYSTEMPATH/Database/BaseBuilder.php(1904): CodeIgniter\Database\BaseConnection->query()
 5 APPPATH/Controllers/Admin/Tagihan.php(53): CodeIgniter\Database\BaseBuilder->insert()
 6 SYSTEMPATH/CodeIgniter.php(896): App\Controllers\Admin\Tagihan->save()
 7 SYSTEMPATH/CodeIgniter.php(466): CodeIgniter\CodeIgniter->runController()
 8 SYSTEMPATH/CodeIgniter.php(349): CodeIgniter\CodeIgniter->handleRequest()
 9 FCPATH/index.php(55): CodeIgniter\CodeIgniter->run()
10 SYSTEMPATH/Commands/Server/rewrite.php(43): require_once('FCPATH/index.php')
ERROR - 2022-06-22 23:16:51 --> Column 'tagihan' cannot be null
CRITICAL - 2022-06-22 23:16:51 --> Column 'tagihan' cannot be null
in SYSTEMPATH/Database/MySQLi/Connection.php on line 292.
 1 SYSTEMPATH/Database/MySQLi/Connection.php(292): mysqli->query()
 2 SYSTEMPATH/Database/BaseConnection.php(695): CodeIgniter\Database\MySQLi\Connection->execute()
 3 SYSTEMPATH/Database/BaseConnection.php(609): CodeIgniter\Database\BaseConnection->simpleQuery()
 4 SYSTEMPATH/Database/BaseBuilder.php(1904): CodeIgniter\Database\BaseConnection->query()
 5 APPPATH/Controllers/Admin/Tagihan.php(53): CodeIgniter\Database\BaseBuilder->insert()
 6 SYSTEMPATH/CodeIgniter.php(896): App\Controllers\Admin\Tagihan->save()
 7 SYSTEMPATH/CodeIgniter.php(466): CodeIgniter\CodeIgniter->runController()
 8 SYSTEMPATH/CodeIgniter.php(349): CodeIgniter\CodeIgniter->handleRequest()
 9 FCPATH/index.php(55): CodeIgniter\CodeIgniter->run()
10 SYSTEMPATH/Commands/Server/rewrite.php(43): require_once('FCPATH/index.php')
ERROR - 2022-06-22 23:17:38 --> Column 'batas_waktu' cannot be null
CRITICAL - 2022-06-22 23:17:38 --> Column 'batas_waktu' cannot be null
in SYSTEMPATH/Database/MySQLi/Connection.php on line 292.
 1 SYSTEMPATH/Database/MySQLi/Connection.php(292): mysqli->query()
 2 SYSTEMPATH/Database/BaseConnection.php(695): CodeIgniter\Database\MySQLi\Connection->execute()
 3 SYSTEMPATH/Database/BaseConnection.php(609): CodeIgniter\Database\BaseConnection->simpleQuery()
 4 SYSTEMPATH/Database/BaseBuilder.php(1904): CodeIgniter\Database\BaseConnection->query()
 5 APPPATH/Controllers/Admin/Tagihan.php(53): CodeIgniter\Database\BaseBuilder->insert()
 6 SYSTEMPATH/CodeIgniter.php(896): App\Controllers\Admin\Tagihan->save()
 7 SYSTEMPATH/CodeIgniter.php(466): CodeIgniter\CodeIgniter->runController()
 8 SYSTEMPATH/CodeIgniter.php(349): CodeIgniter\CodeIgniter->handleRequest()
 9 FCPATH/index.php(55): CodeIgniter\CodeIgniter->run()
10 SYSTEMPATH/Commands/Server/rewrite.php(43): require_once('FCPATH/index.php')
ERROR - 2022-06-22 23:18:00 --> Column 'batas_waktu' cannot be null
CRITICAL - 2022-06-22 23:18:00 --> Class 'mysql_xdevapi\Exception' not found
in APPPATH/Controllers/Admin/Tagihan.php on line 56.
 1 SYSTEMPATH/CodeIgniter.php(896): App\Controllers\Admin\Tagihan->save()
 2 SYSTEMPATH/CodeIgniter.php(466): CodeIgniter\CodeIgniter->runController()
 3 SYSTEMPATH/CodeIgniter.php(349): CodeIgniter\CodeIgniter->handleRequest()
 4 FCPATH/index.php(55): CodeIgniter\CodeIgniter->run()
 5 SYSTEMPATH/Commands/Server/rewrite.php(43): require_once('FCPATH/index.php')
ERROR - 2022-06-22 23:21:02 --> Column 'tagihan' cannot be null
ERROR - 2022-06-22 23:21:07 --> Column 'batas_waktu' cannot be null
ERROR - 2022-06-22 23:26:44 --> Column 'batas_waktu' cannot be null
ERROR - 2022-06-22 23:30:01 --> Column 'batas_waktu' cannot be null
ERROR - 2022-06-22 23:31:23 --> Column 'batas_waktu' cannot be null
ERROR - 2022-06-22 23:31:49 --> Column 'batas_waktu' cannot be null
