CRITICAL - 2022-06-21 10:10:00 --> Too few arguments to function App\Controllers\Admin\Tagihan::save(), 0 passed in /var/www/html/feb/system/CodeIgniter.php on line 896 and at least 1 expected
in APPPATH/Controllers/Admin/Tagihan.php on line 11.
 1 SYSTEMPATH/CodeIgniter.php(896): App\Controllers\Admin\Tagihan->save()
 2 SYSTEMPATH/CodeIgniter.php(466): CodeIgniter\CodeIgniter->runController()
 3 SYSTEMPATH/CodeIgniter.php(349): CodeIgniter\CodeIgniter->handleRequest()
 4 FCPATH/index.php(55): CodeIgniter\CodeIgniter->run()
 5 SYSTEMPATH/Commands/Server/rewrite.php(43): require_once('FCPATH/index.php')
ERROR - 2022-06-21 10:10:08 --> Column 'tagihan' cannot be null
CRITICAL - 2022-06-21 10:10:08 --> Column 'tagihan' cannot be null
in SYSTEMPATH/Database/MySQLi/Connection.php on line 292.
 1 SYSTEMPATH/Database/MySQLi/Connection.php(292): mysqli->query()
 2 SYSTEMPATH/Database/BaseConnection.php(695): CodeIgniter\Database\MySQLi\Connection->execute()
 3 SYSTEMPATH/Database/BaseConnection.php(609): CodeIgniter\Database\BaseConnection->simpleQuery()
 4 SYSTEMPATH/Database/BaseBuilder.php(1904): CodeIgniter\Database\BaseConnection->query()
 5 APPPATH/Controllers/Admin/Tagihan.php(24): CodeIgniter\Database\BaseBuilder->insert()
 6 SYSTEMPATH/CodeIgniter.php(896): App\Controllers\Admin\Tagihan->save()
 7 SYSTEMPATH/CodeIgniter.php(466): CodeIgniter\CodeIgniter->runController()
 8 SYSTEMPATH/CodeIgniter.php(349): CodeIgniter\CodeIgniter->handleRequest()
 9 FCPATH/index.php(55): CodeIgniter\CodeIgniter->run()
10 SYSTEMPATH/Commands/Server/rewrite.php(43): require_once('FCPATH/index.php')
ERROR - 2022-06-21 10:10:38 --> Column 'tagihan' cannot be null
ERROR - 2022-06-21 10:11:22 --> Column 'tagihan' cannot be null
ERROR - 2022-06-21 10:11:24 --> Column 'tagihan' cannot be null
ERROR - 2022-06-21 10:11:25 --> Column 'tagihan' cannot be null
CRITICAL - 2022-06-21 10:11:56 --> Too few arguments to function App\Controllers\Admin\Tagihan::save(), 0 passed in /var/www/html/feb/system/CodeIgniter.php on line 896 and at least 1 expected
in APPPATH/Controllers/Admin/Tagihan.php on line 11.
 1 SYSTEMPATH/CodeIgniter.php(896): App\Controllers\Admin\Tagihan->save()
 2 SYSTEMPATH/CodeIgniter.php(466): CodeIgniter\CodeIgniter->runController()
 3 SYSTEMPATH/CodeIgniter.php(349): CodeIgniter\CodeIgniter->handleRequest()
 4 FCPATH/index.php(55): CodeIgniter\CodeIgniter->run()
 5 SYSTEMPATH/Commands/Server/rewrite.php(43): require_once('FCPATH/index.php')
CRITICAL - 2022-06-21 10:11:59 --> Too few arguments to function App\Controllers\Admin\Tagihan::save(), 0 passed in /var/www/html/feb/system/CodeIgniter.php on line 896 and at least 1 expected
in APPPATH/Controllers/Admin/Tagihan.php on line 11.
 1 SYSTEMPATH/CodeIgniter.php(896): App\Controllers\Admin\Tagihan->save()
 2 SYSTEMPATH/CodeIgniter.php(466): CodeIgniter\CodeIgniter->runController()
 3 SYSTEMPATH/CodeIgniter.php(349): CodeIgniter\CodeIgniter->handleRequest()
 4 FCPATH/index.php(55): CodeIgniter\CodeIgniter->run()
 5 SYSTEMPATH/Commands/Server/rewrite.php(43): require_once('FCPATH/index.php')
ERROR - 2022-06-21 10:15:22 --> Column 'tagihan' cannot be null
ERROR - 2022-06-21 10:15:29 --> Column 'tagihan' cannot be null
ERROR - 2022-06-21 10:15:30 --> Column 'tagihan' cannot be null
ERROR - 2022-06-21 10:15:30 --> Column 'tagihan' cannot be null
ERROR - 2022-06-21 10:18:59 --> Column 'tagihan' cannot be null
CRITICAL - 2022-06-21 10:18:59 --> Class 'mysql_xdevapi\Exception' not found
in APPPATH/Controllers/Admin/Tagihan.php on line 30.
 1 SYSTEMPATH/CodeIgniter.php(896): App\Controllers\Admin\Tagihan->save()
 2 SYSTEMPATH/CodeIgniter.php(466): CodeIgniter\CodeIgniter->runController()
 3 SYSTEMPATH/CodeIgniter.php(349): CodeIgniter\CodeIgniter->handleRequest()
 4 FCPATH/index.php(55): CodeIgniter\CodeIgniter->run()
 5 SYSTEMPATH/Commands/Server/rewrite.php(43): require_once('FCPATH/index.php')
ERROR - 2022-06-21 10:19:01 --> Column 'tagihan' cannot be null
CRITICAL - 2022-06-21 10:19:01 --> Class 'mysql_xdevapi\Exception' not found
in APPPATH/Controllers/Admin/Tagihan.php on line 30.
 1 SYSTEMPATH/CodeIgniter.php(896): App\Controllers\Admin\Tagihan->save()
 2 SYSTEMPATH/CodeIgniter.php(466): CodeIgniter\CodeIgniter->runController()
 3 SYSTEMPATH/CodeIgniter.php(349): CodeIgniter\CodeIgniter->handleRequest()
 4 FCPATH/index.php(55): CodeIgniter\CodeIgniter->run()
 5 SYSTEMPATH/Commands/Server/rewrite.php(43): require_once('FCPATH/index.php')
ERROR - 2022-06-21 10:19:15 --> Column 'tagihan' cannot be null
CRITICAL - 2022-06-21 10:19:15 --> Column 'tagihan' cannot be null
in SYSTEMPATH/Database/MySQLi/Connection.php on line 292.
 1 SYSTEMPATH/Database/MySQLi/Connection.php(292): mysqli->query()
 2 SYSTEMPATH/Database/BaseConnection.php(695): CodeIgniter\Database\MySQLi\Connection->execute()
 3 SYSTEMPATH/Database/BaseConnection.php(609): CodeIgniter\Database\BaseConnection->simpleQuery()
 4 SYSTEMPATH/Database/BaseBuilder.php(1904): CodeIgniter\Database\BaseConnection->query()
 5 APPPATH/Controllers/Admin/Tagihan.php(27): CodeIgniter\Database\BaseBuilder->insert()
 6 SYSTEMPATH/CodeIgniter.php(896): App\Controllers\Admin\Tagihan->save()
 7 SYSTEMPATH/CodeIgniter.php(466): CodeIgniter\CodeIgniter->runController()
 8 SYSTEMPATH/CodeIgniter.php(349): CodeIgniter\CodeIgniter->handleRequest()
 9 FCPATH/index.php(55): CodeIgniter\CodeIgniter->run()
10 SYSTEMPATH/Commands/Server/rewrite.php(43): require_once('FCPATH/index.php')
CRITICAL - 2022-06-21 10:19:53 --> syntax error, unexpected 'eterangan' (T_STRING), expecting ']'
in APPPATH/Controllers/Admin/Tagihan.php on line 22.
 1 SYSTEMPATH/Router/Router.php(499): CodeIgniter\Router\AutoRouter->getRoute()
 2 SYSTEMPATH/Router/Router.php(205): CodeIgniter\Router\Router->autoRoute()
 3 SYSTEMPATH/CodeIgniter.php(771): CodeIgniter\Router\Router->handle()
 4 SYSTEMPATH/CodeIgniter.php(415): CodeIgniter\CodeIgniter->tryToRouteIt()
 5 SYSTEMPATH/CodeIgniter.php(349): CodeIgniter\CodeIgniter->handleRequest()
 6 FCPATH/index.php(55): CodeIgniter\CodeIgniter->run()
 7 SYSTEMPATH/Commands/Server/rewrite.php(43): require_once('FCPATH/index.php')
CRITICAL - 2022-06-21 10:25:19 --> Array to string conversion
in APPPATH/Controllers/Admin/Tagihan.php on line 68.
 1 APPPATH/Controllers/Admin/Tagihan.php(68): CodeIgniter\Debug\Exceptions->errorHandler()
 2 SYSTEMPATH/CodeIgniter.php(896): App\Controllers\Admin\Tagihan->delete()
 3 SYSTEMPATH/CodeIgniter.php(466): CodeIgniter\CodeIgniter->runController()
 4 SYSTEMPATH/CodeIgniter.php(349): CodeIgniter\CodeIgniter->handleRequest()
 5 FCPATH/index.php(55): CodeIgniter\CodeIgniter->run()
 6 SYSTEMPATH/Commands/Server/rewrite.php(43): require_once('FCPATH/index.php')
CRITICAL - 2022-06-21 10:25:57 --> Undefined variable: res
in APPPATH/Controllers/Admin/Tagihan.php on line 69.
 1 APPPATH/Controllers/Admin/Tagihan.php(69): CodeIgniter\Debug\Exceptions->errorHandler()
 2 SYSTEMPATH/CodeIgniter.php(896): App\Controllers\Admin\Tagihan->delete()
 3 SYSTEMPATH/CodeIgniter.php(466): CodeIgniter\CodeIgniter->runController()
 4 SYSTEMPATH/CodeIgniter.php(349): CodeIgniter\CodeIgniter->handleRequest()
 5 FCPATH/index.php(55): CodeIgniter\CodeIgniter->run()
 6 SYSTEMPATH/Commands/Server/rewrite.php(43): require_once('FCPATH/index.php')
CRITICAL - 2022-06-21 10:26:23 --> Class 'mysql_xdevapi\Exception' not found
in APPPATH/Controllers/Admin/Tagihan.php on line 61.
 1 SYSTEMPATH/CodeIgniter.php(896): App\Controllers\Admin\Tagihan->delete()
 2 SYSTEMPATH/CodeIgniter.php(466): CodeIgniter\CodeIgniter->runController()
 3 SYSTEMPATH/CodeIgniter.php(349): CodeIgniter\CodeIgniter->handleRequest()
 4 FCPATH/index.php(55): CodeIgniter\CodeIgniter->run()
 5 SYSTEMPATH/Commands/Server/rewrite.php(43): require_once('FCPATH/index.php')
CRITICAL - 2022-06-21 10:26:32 --> Class 'mysql_xdevapi\Exception' not found
in APPPATH/Controllers/Admin/Tagihan.php on line 63.
 1 SYSTEMPATH/CodeIgniter.php(896): App\Controllers\Admin\Tagihan->delete()
 2 SYSTEMPATH/CodeIgniter.php(466): CodeIgniter\CodeIgniter->runController()
 3 SYSTEMPATH/CodeIgniter.php(349): CodeIgniter\CodeIgniter->handleRequest()
 4 FCPATH/index.php(55): CodeIgniter\CodeIgniter->run()
 5 SYSTEMPATH/Commands/Server/rewrite.php(43): require_once('FCPATH/index.php')
CRITICAL - 2022-06-21 10:26:33 --> Class 'mysql_xdevapi\Exception' not found
in APPPATH/Controllers/Admin/Tagihan.php on line 63.
 1 SYSTEMPATH/CodeIgniter.php(896): App\Controllers\Admin\Tagihan->delete()
 2 SYSTEMPATH/CodeIgniter.php(466): CodeIgniter\CodeIgniter->runController()
 3 SYSTEMPATH/CodeIgniter.php(349): CodeIgniter\CodeIgniter->handleRequest()
 4 FCPATH/index.php(55): CodeIgniter\CodeIgniter->run()
 5 SYSTEMPATH/Commands/Server/rewrite.php(43): require_once('FCPATH/index.php')
ERROR - 2022-06-21 10:31:09 --> You have an error in your SQL syntax; check the manual that corresponds to your MySQL server version for the right syntax to use near ':0:
AND 1 = :1:' at line 2
CRITICAL - 2022-06-21 10:31:09 --> You have an error in your SQL syntax; check the manual that corresponds to your MySQL server version for the right syntax to use near ':0:
AND 1 = :1:' at line 2
in SYSTEMPATH/Database/MySQLi/Connection.php on line 292.
 1 SYSTEMPATH/Database/MySQLi/Connection.php(292): mysqli->query()
 2 SYSTEMPATH/Database/BaseConnection.php(695): CodeIgniter\Database\MySQLi\Connection->execute()
 3 SYSTEMPATH/Database/BaseConnection.php(609): CodeIgniter\Database\BaseConnection->simpleQuery()
 4 SYSTEMPATH/Database/BaseBuilder.php(2358): CodeIgniter\Database\BaseConnection->query()
 5 APPPATH/Controllers/Admin/Tagihan.php(57): CodeIgniter\Database\BaseBuilder->delete()
 6 SYSTEMPATH/CodeIgniter.php(896): App\Controllers\Admin\Tagihan->delete()
 7 SYSTEMPATH/CodeIgniter.php(466): CodeIgniter\CodeIgniter->runController()
 8 SYSTEMPATH/CodeIgniter.php(349): CodeIgniter\CodeIgniter->handleRequest()
 9 FCPATH/index.php(55): CodeIgniter\CodeIgniter->run()
10 SYSTEMPATH/Commands/Server/rewrite.php(43): require_once('FCPATH/index.php')
ERROR - 2022-06-21 10:32:36 --> Table 'feb.ta' doesn't exist
CRITICAL - 2022-06-21 10:32:36 --> Table 'feb.ta' doesn't exist
in SYSTEMPATH/Database/MySQLi/Connection.php on line 292.
 1 SYSTEMPATH/Database/MySQLi/Connection.php(292): mysqli->query()
 2 SYSTEMPATH/Database/BaseConnection.php(695): CodeIgniter\Database\MySQLi\Connection->execute()
 3 SYSTEMPATH/Database/BaseConnection.php(609): CodeIgniter\Database\BaseConnection->simpleQuery()
 4 SYSTEMPATH/Database/BaseBuilder.php(2358): CodeIgniter\Database\BaseConnection->query()
 5 APPPATH/Controllers/Admin/Tagihan.php(57): CodeIgniter\Database\BaseBuilder->delete()
 6 SYSTEMPATH/CodeIgniter.php(896): App\Controllers\Admin\Tagihan->delete()
 7 SYSTEMPATH/CodeIgniter.php(466): CodeIgniter\CodeIgniter->runController()
 8 SYSTEMPATH/CodeIgniter.php(349): CodeIgniter\CodeIgniter->handleRequest()
 9 FCPATH/index.php(55): CodeIgniter\CodeIgniter->run()
10 SYSTEMPATH/Commands/Server/rewrite.php(43): require_once('FCPATH/index.php')
CRITICAL - 2022-06-21 10:33:40 --> syntax error, unexpected ';', expecting ')'
in APPPATH/Controllers/Admin/Tagihan.php on line 58.
 1 SYSTEMPATH/Router/Router.php(499): CodeIgniter\Router\AutoRouter->getRoute()
 2 SYSTEMPATH/Router/Router.php(205): CodeIgniter\Router\Router->autoRoute()
 3 SYSTEMPATH/CodeIgniter.php(771): CodeIgniter\Router\Router->handle()
 4 SYSTEMPATH/CodeIgniter.php(415): CodeIgniter\CodeIgniter->tryToRouteIt()
 5 SYSTEMPATH/CodeIgniter.php(349): CodeIgniter\CodeIgniter->handleRequest()
 6 FCPATH/index.php(55): CodeIgniter\CodeIgniter->run()
 7 SYSTEMPATH/Commands/Server/rewrite.php(43): require_once('FCPATH/index.php')
CRITICAL - 2022-06-21 10:38:17 --> syntax error, unexpected '}', expecting variable (T_VARIABLE) or '{' or '$'
in APPPATH/Controllers/Admin/Tagihan.php on line 75.
 1 SYSTEMPATH/Router/Router.php(499): CodeIgniter\Router\AutoRouter->getRoute()
 2 SYSTEMPATH/Router/Router.php(205): CodeIgniter\Router\Router->autoRoute()
 3 SYSTEMPATH/CodeIgniter.php(771): CodeIgniter\Router\Router->handle()
 4 SYSTEMPATH/CodeIgniter.php(415): CodeIgniter\CodeIgniter->tryToRouteIt()
 5 SYSTEMPATH/CodeIgniter.php(349): CodeIgniter\CodeIgniter->handleRequest()
 6 FCPATH/index.php(55): CodeIgniter\CodeIgniter->run()
 7 SYSTEMPATH/Commands/Server/rewrite.php(43): require_once('FCPATH/index.php')
CRITICAL - 2022-06-21 10:38:24 --> syntax error, unexpected '}', expecting variable (T_VARIABLE) or '{' or '$'
in APPPATH/Controllers/Admin/Tagihan.php on line 74.
 1 SYSTEMPATH/Router/Router.php(499): CodeIgniter\Router\AutoRouter->getRoute()
 2 SYSTEMPATH/Router/Router.php(205): CodeIgniter\Router\Router->autoRoute()
 3 SYSTEMPATH/CodeIgniter.php(771): CodeIgniter\Router\Router->handle()
 4 SYSTEMPATH/CodeIgniter.php(415): CodeIgniter\CodeIgniter->tryToRouteIt()
 5 SYSTEMPATH/CodeIgniter.php(349): CodeIgniter\CodeIgniter->handleRequest()
 6 FCPATH/index.php(55): CodeIgniter\CodeIgniter->run()
 7 SYSTEMPATH/Commands/Server/rewrite.php(43): require_once('FCPATH/index.php')
CRITICAL - 2022-06-21 10:52:21 --> Class 'App\Controllers\Admin\DataTable' not found
in APPPATH/Controllers/Admin/Tagihan.php on line 76.
 1 SYSTEMPATH/CodeIgniter.php(896): App\Controllers\Admin\Tagihan->getTagihan()
 2 SYSTEMPATH/CodeIgniter.php(466): CodeIgniter\CodeIgniter->runController()
 3 SYSTEMPATH/CodeIgniter.php(349): CodeIgniter\CodeIgniter->handleRequest()
 4 FCPATH/index.php(55): CodeIgniter\CodeIgniter->run()
 5 SYSTEMPATH/Commands/Server/rewrite.php(43): require_once('FCPATH/index.php')
CRITICAL - 2022-06-21 11:50:17 --> Invalid file: admin/.php
in SYSTEMPATH/Exceptions/FrameworkException.php on line 33.
 1 SYSTEMPATH/View/View.php(201): CodeIgniter\Exceptions\FrameworkException::forInvalidFile()
 2 SYSTEMPATH/Common.php(1135): CodeIgniter\View\View->render()
 3 APPPATH/Controllers/Admin/Tagihan.php(15): view()
 4 SYSTEMPATH/CodeIgniter.php(896): App\Controllers\Admin\Tagihan->index()
 5 SYSTEMPATH/CodeIgniter.php(466): CodeIgniter\CodeIgniter->runController()
 6 SYSTEMPATH/CodeIgniter.php(349): CodeIgniter\CodeIgniter->handleRequest()
 7 FCPATH/index.php(55): CodeIgniter\CodeIgniter->run()
 8 SYSTEMPATH/Commands/Server/rewrite.php(43): require_once('FCPATH/index.php')
