CRITICAL - 2022-06-23 02:45:57 --> syntax error, unexpected end of file, expecting elseif (T_ELSEIF) or else (T_ELSE) or endif (T_ENDIF)
in APPPATH/Views/admin/form.php on line 96.
 1 SYSTEMPATH/View/View.php(216): CodeIgniter\View\View->CodeIgniter\View\{closure}()
 2 SYSTEMPATH/Common.php(1135): CodeIgniter\View\View->render()
 3 APPPATH/Controllers/Admin/Tagihan.php(39): view()
 4 SYSTEMPATH/CodeIgniter.php(896): App\Controllers\Admin\Tagihan->form()
 5 SYSTEMPATH/CodeIgniter.php(466): CodeIgniter\CodeIgniter->runController()
 6 SYSTEMPATH/CodeIgniter.php(349): CodeIgniter\CodeIgniter->handleRequest()
 7 FCPATH/index.php(55): CodeIgniter\CodeIgniter->run()
 8 SYSTEMPATH/Commands/Server/rewrite.php(43): require_once('FCPATH/index.php')
CRITICAL - 2022-06-23 03:41:40 --> syntax error, unexpected ';'
in APPPATH/Views/admin/form.php on line 37.
 1 SYSTEMPATH/View/View.php(216): CodeIgniter\View\View->CodeIgniter\View\{closure}()
 2 SYSTEMPATH/Common.php(1135): CodeIgniter\View\View->render()
 3 APPPATH/Controllers/Admin/Tagihan.php(40): view()
 4 SYSTEMPATH/CodeIgniter.php(896): App\Controllers\Admin\Tagihan->form()
 5 SYSTEMPATH/CodeIgniter.php(466): CodeIgniter\CodeIgniter->runController()
 6 SYSTEMPATH/CodeIgniter.php(349): CodeIgniter\CodeIgniter->handleRequest()
 7 FCPATH/index.php(55): CodeIgniter\CodeIgniter->run()
 8 SYSTEMPATH/Commands/Server/rewrite.php(43): require_once('FCPATH/index.php')
CRITICAL - 2022-06-23 03:41:58 --> syntax error, unexpected ';'
in APPPATH/Views/admin/form.php on line 37.
 1 SYSTEMPATH/View/View.php(216): CodeIgniter\View\View->CodeIgniter\View\{closure}()
 2 SYSTEMPATH/Common.php(1135): CodeIgniter\View\View->render()
 3 APPPATH/Controllers/Admin/Tagihan.php(40): view()
 4 SYSTEMPATH/CodeIgniter.php(896): App\Controllers\Admin\Tagihan->form()
 5 SYSTEMPATH/CodeIgniter.php(466): CodeIgniter\CodeIgniter->runController()
 6 SYSTEMPATH/CodeIgniter.php(349): CodeIgniter\CodeIgniter->handleRequest()
 7 FCPATH/index.php(55): CodeIgniter\CodeIgniter->run()
 8 SYSTEMPATH/Commands/Server/rewrite.php(43): require_once('FCPATH/index.php')
CRITICAL - 2022-06-23 04:57:11 --> Too few arguments to function App\Controllers\Admin\Pembayaran::list(), 0 passed in /var/www/html/feb/system/CodeIgniter.php on line 896 and exactly 1 expected
in APPPATH/Controllers/Admin/Pembayaran.php on line 17.
 1 SYSTEMPATH/CodeIgniter.php(896): App\Controllers\Admin\Pembayaran->list()
 2 SYSTEMPATH/CodeIgniter.php(466): CodeIgniter\CodeIgniter->runController()
 3 SYSTEMPATH/CodeIgniter.php(349): CodeIgniter\CodeIgniter->handleRequest()
 4 FCPATH/index.php(55): CodeIgniter\CodeIgniter->run()
 5 SYSTEMPATH/Commands/Server/rewrite.php(43): require_once('FCPATH/index.php')
CRITICAL - 2022-06-23 04:57:44 --> Too few arguments to function App\Controllers\Admin\Pembayaran::tampil(), 0 passed in /var/www/html/feb/system/CodeIgniter.php on line 896 and exactly 1 expected
in APPPATH/Controllers/Admin/Pembayaran.php on line 17.
 1 SYSTEMPATH/CodeIgniter.php(896): App\Controllers\Admin\Pembayaran->tampil()
 2 SYSTEMPATH/CodeIgniter.php(466): CodeIgniter\CodeIgniter->runController()
 3 SYSTEMPATH/CodeIgniter.php(349): CodeIgniter\CodeIgniter->handleRequest()
 4 FCPATH/index.php(55): CodeIgniter\CodeIgniter->run()
 5 SYSTEMPATH/Commands/Server/rewrite.php(43): require_once('FCPATH/index.php')
ERROR - 2022-06-23 04:57:55 --> Unknown column 'id' in 'where clause'
CRITICAL - 2022-06-23 04:57:55 --> Unknown column 'id' in 'where clause'
in SYSTEMPATH/Database/MySQLi/Connection.php on line 292.
 1 SYSTEMPATH/Database/MySQLi/Connection.php(292): mysqli->query()
 2 SYSTEMPATH/Database/BaseConnection.php(695): CodeIgniter\Database\MySQLi\Connection->execute()
 3 SYSTEMPATH/Database/BaseConnection.php(609): CodeIgniter\Database\BaseConnection->simpleQuery()
 4 SYSTEMPATH/Database/BaseBuilder.php(1669): CodeIgniter\Database\BaseConnection->query()
 5 APPPATH/ThirdParty/CodeIgniter4-DataTables/src/DataTableQuery.php(53): CodeIgniter\Database\BaseBuilder->countAllResults()
 6 APPPATH/ThirdParty/CodeIgniter4-DataTables/src/DataTable.php(174): Hermawan\DataTables\DataTableQuery->countAll()
 7 APPPATH/Controllers/Admin/Pembayaran.php(15): Hermawan\DataTables\DataTable->toJson()
 8 SYSTEMPATH/CodeIgniter.php(896): App\Controllers\Admin\Pembayaran->getPembayaran()
 9 SYSTEMPATH/CodeIgniter.php(466): CodeIgniter\CodeIgniter->runController()
10 SYSTEMPATH/CodeIgniter.php(349): CodeIgniter\CodeIgniter->handleRequest()
11 FCPATH/index.php(55): CodeIgniter\CodeIgniter->run()
12 SYSTEMPATH/Commands/Server/rewrite.php(43): require_once('FCPATH/index.php')
ERROR - 2022-06-23 04:57:59 --> Unknown column 'id' in 'where clause'
CRITICAL - 2022-06-23 04:57:59 --> Unknown column 'id' in 'where clause'
in SYSTEMPATH/Database/MySQLi/Connection.php on line 292.
 1 SYSTEMPATH/Database/MySQLi/Connection.php(292): mysqli->query()
 2 SYSTEMPATH/Database/BaseConnection.php(695): CodeIgniter\Database\MySQLi\Connection->execute()
 3 SYSTEMPATH/Database/BaseConnection.php(609): CodeIgniter\Database\BaseConnection->simpleQuery()
 4 SYSTEMPATH/Database/BaseBuilder.php(1669): CodeIgniter\Database\BaseConnection->query()
 5 APPPATH/ThirdParty/CodeIgniter4-DataTables/src/DataTableQuery.php(53): CodeIgniter\Database\BaseBuilder->countAllResults()
 6 APPPATH/ThirdParty/CodeIgniter4-DataTables/src/DataTable.php(174): Hermawan\DataTables\DataTableQuery->countAll()
 7 APPPATH/Controllers/Admin/Pembayaran.php(15): Hermawan\DataTables\DataTable->toJson()
 8 SYSTEMPATH/CodeIgniter.php(896): App\Controllers\Admin\Pembayaran->getPembayaran()
 9 SYSTEMPATH/CodeIgniter.php(466): CodeIgniter\CodeIgniter->runController()
10 SYSTEMPATH/CodeIgniter.php(349): CodeIgniter\CodeIgniter->handleRequest()
11 FCPATH/index.php(55): CodeIgniter\CodeIgniter->run()
12 SYSTEMPATH/Commands/Server/rewrite.php(43): require_once('FCPATH/index.php')
ERROR - 2022-06-23 04:58:10 --> Unknown column 'id' in 'where clause'
CRITICAL - 2022-06-23 04:58:10 --> Unknown column 'id' in 'where clause'
in SYSTEMPATH/Database/MySQLi/Connection.php on line 292.
 1 SYSTEMPATH/Database/MySQLi/Connection.php(292): mysqli->query()
 2 SYSTEMPATH/Database/BaseConnection.php(695): CodeIgniter\Database\MySQLi\Connection->execute()
 3 SYSTEMPATH/Database/BaseConnection.php(609): CodeIgniter\Database\BaseConnection->simpleQuery()
 4 SYSTEMPATH/Database/BaseBuilder.php(1669): CodeIgniter\Database\BaseConnection->query()
 5 APPPATH/ThirdParty/CodeIgniter4-DataTables/src/DataTableQuery.php(53): CodeIgniter\Database\BaseBuilder->countAllResults()
 6 APPPATH/ThirdParty/CodeIgniter4-DataTables/src/DataTable.php(174): Hermawan\DataTables\DataTableQuery->countAll()
 7 APPPATH/Controllers/Admin/Pembayaran.php(15): Hermawan\DataTables\DataTable->toJson()
 8 SYSTEMPATH/CodeIgniter.php(896): App\Controllers\Admin\Pembayaran->getPembayaran()
 9 SYSTEMPATH/CodeIgniter.php(466): CodeIgniter\CodeIgniter->runController()
10 SYSTEMPATH/CodeIgniter.php(349): CodeIgniter\CodeIgniter->handleRequest()
11 FCPATH/index.php(55): CodeIgniter\CodeIgniter->run()
12 SYSTEMPATH/Commands/Server/rewrite.php(43): require_once('FCPATH/index.php')
ERROR - 2022-06-23 04:58:34 --> Unknown column 'id' in 'where clause'
CRITICAL - 2022-06-23 04:58:34 --> Unknown column 'id' in 'where clause'
in SYSTEMPATH/Database/MySQLi/Connection.php on line 292.
 1 SYSTEMPATH/Database/MySQLi/Connection.php(292): mysqli->query()
 2 SYSTEMPATH/Database/BaseConnection.php(695): CodeIgniter\Database\MySQLi\Connection->execute()
 3 SYSTEMPATH/Database/BaseConnection.php(609): CodeIgniter\Database\BaseConnection->simpleQuery()
 4 SYSTEMPATH/Database/BaseBuilder.php(1669): CodeIgniter\Database\BaseConnection->query()
 5 APPPATH/ThirdParty/CodeIgniter4-DataTables/src/DataTableQuery.php(53): CodeIgniter\Database\BaseBuilder->countAllResults()
 6 APPPATH/ThirdParty/CodeIgniter4-DataTables/src/DataTable.php(174): Hermawan\DataTables\DataTableQuery->countAll()
 7 APPPATH/Controllers/Admin/Pembayaran.php(15): Hermawan\DataTables\DataTable->toJson()
 8 SYSTEMPATH/CodeIgniter.php(896): App\Controllers\Admin\Pembayaran->getPembayaran()
 9 SYSTEMPATH/CodeIgniter.php(466): CodeIgniter\CodeIgniter->runController()
10 SYSTEMPATH/CodeIgniter.php(349): CodeIgniter\CodeIgniter->handleRequest()
11 FCPATH/index.php(55): CodeIgniter\CodeIgniter->run()
12 SYSTEMPATH/Commands/Server/rewrite.php(43): require_once('FCPATH/index.php')
ERROR - 2022-06-23 04:58:39 --> Unknown column 'id' in 'where clause'
CRITICAL - 2022-06-23 04:58:39 --> Unknown column 'id' in 'where clause'
in SYSTEMPATH/Database/MySQLi/Connection.php on line 292.
 1 SYSTEMPATH/Database/MySQLi/Connection.php(292): mysqli->query()
 2 SYSTEMPATH/Database/BaseConnection.php(695): CodeIgniter\Database\MySQLi\Connection->execute()
 3 SYSTEMPATH/Database/BaseConnection.php(609): CodeIgniter\Database\BaseConnection->simpleQuery()
 4 SYSTEMPATH/Database/BaseBuilder.php(1669): CodeIgniter\Database\BaseConnection->query()
 5 APPPATH/ThirdParty/CodeIgniter4-DataTables/src/DataTableQuery.php(53): CodeIgniter\Database\BaseBuilder->countAllResults()
 6 APPPATH/ThirdParty/CodeIgniter4-DataTables/src/DataTable.php(174): Hermawan\DataTables\DataTableQuery->countAll()
 7 APPPATH/Controllers/Admin/Pembayaran.php(15): Hermawan\DataTables\DataTable->toJson()
 8 SYSTEMPATH/CodeIgniter.php(896): App\Controllers\Admin\Pembayaran->getPembayaran()
 9 SYSTEMPATH/CodeIgniter.php(466): CodeIgniter\CodeIgniter->runController()
10 SYSTEMPATH/CodeIgniter.php(349): CodeIgniter\CodeIgniter->handleRequest()
11 FCPATH/index.php(55): CodeIgniter\CodeIgniter->run()
12 SYSTEMPATH/Commands/Server/rewrite.php(43): require_once('FCPATH/index.php')
ERROR - 2022-06-23 04:58:47 --> Unknown column 'id' in 'where clause'
CRITICAL - 2022-06-23 04:58:47 --> Unknown column 'id' in 'where clause'
in SYSTEMPATH/Database/MySQLi/Connection.php on line 292.
 1 SYSTEMPATH/Database/MySQLi/Connection.php(292): mysqli->query()
 2 SYSTEMPATH/Database/BaseConnection.php(695): CodeIgniter\Database\MySQLi\Connection->execute()
 3 SYSTEMPATH/Database/BaseConnection.php(609): CodeIgniter\Database\BaseConnection->simpleQuery()
 4 SYSTEMPATH/Database/BaseBuilder.php(1669): CodeIgniter\Database\BaseConnection->query()
 5 APPPATH/ThirdParty/CodeIgniter4-DataTables/src/DataTableQuery.php(53): CodeIgniter\Database\BaseBuilder->countAllResults()
 6 APPPATH/ThirdParty/CodeIgniter4-DataTables/src/DataTable.php(174): Hermawan\DataTables\DataTableQuery->countAll()
 7 APPPATH/Controllers/Admin/Pembayaran.php(15): Hermawan\DataTables\DataTable->toJson()
 8 SYSTEMPATH/CodeIgniter.php(896): App\Controllers\Admin\Pembayaran->getPembayaran()
 9 SYSTEMPATH/CodeIgniter.php(466): CodeIgniter\CodeIgniter->runController()
10 SYSTEMPATH/CodeIgniter.php(349): CodeIgniter\CodeIgniter->handleRequest()
11 FCPATH/index.php(55): CodeIgniter\CodeIgniter->run()
12 SYSTEMPATH/Commands/Server/rewrite.php(43): require_once('FCPATH/index.php')
ERROR - 2022-06-23 04:58:56 --> Unknown column 'id' in 'where clause'
CRITICAL - 2022-06-23 04:58:56 --> Unknown column 'id' in 'where clause'
in SYSTEMPATH/Database/MySQLi/Connection.php on line 292.
 1 SYSTEMPATH/Database/MySQLi/Connection.php(292): mysqli->query()
 2 SYSTEMPATH/Database/BaseConnection.php(695): CodeIgniter\Database\MySQLi\Connection->execute()
 3 SYSTEMPATH/Database/BaseConnection.php(609): CodeIgniter\Database\BaseConnection->simpleQuery()
 4 SYSTEMPATH/Database/BaseBuilder.php(1669): CodeIgniter\Database\BaseConnection->query()
 5 APPPATH/ThirdParty/CodeIgniter4-DataTables/src/DataTableQuery.php(53): CodeIgniter\Database\BaseBuilder->countAllResults()
 6 APPPATH/ThirdParty/CodeIgniter4-DataTables/src/DataTable.php(174): Hermawan\DataTables\DataTableQuery->countAll()
 7 APPPATH/Controllers/Admin/Pembayaran.php(15): Hermawan\DataTables\DataTable->toJson()
 8 SYSTEMPATH/CodeIgniter.php(896): App\Controllers\Admin\Pembayaran->getPembayaran()
 9 SYSTEMPATH/CodeIgniter.php(466): CodeIgniter\CodeIgniter->runController()
10 SYSTEMPATH/CodeIgniter.php(349): CodeIgniter\CodeIgniter->handleRequest()
11 FCPATH/index.php(55): CodeIgniter\CodeIgniter->run()
12 SYSTEMPATH/Commands/Server/rewrite.php(43): require_once('FCPATH/index.php')
CRITICAL - 2022-06-23 07:29:18 --> Call to undefined method CodeIgniter\Database\MySQLi\Builder::getRow()
in APPPATH/Controllers/Admin/Pembayaran.php on line 19.
 1 SYSTEMPATH/CodeIgniter.php(896): App\Controllers\Admin\Pembayaran->tampil()
 2 SYSTEMPATH/CodeIgniter.php(466): CodeIgniter\CodeIgniter->runController()
 3 SYSTEMPATH/CodeIgniter.php(349): CodeIgniter\CodeIgniter->handleRequest()
 4 FCPATH/index.php(55): CodeIgniter\CodeIgniter->run()
 5 SYSTEMPATH/Commands/Server/rewrite.php(43): require_once('FCPATH/index.php')
CRITICAL - 2022-06-23 07:29:45 --> Call to undefined method CodeIgniter\Database\MySQLi\Builder::getRow()
in APPPATH/Controllers/Admin/Pembayaran.php on line 20.
 1 SYSTEMPATH/CodeIgniter.php(896): App\Controllers\Admin\Pembayaran->tampil()
 2 SYSTEMPATH/CodeIgniter.php(466): CodeIgniter\CodeIgniter->runController()
 3 SYSTEMPATH/CodeIgniter.php(349): CodeIgniter\CodeIgniter->handleRequest()
 4 FCPATH/index.php(55): CodeIgniter\CodeIgniter->run()
 5 SYSTEMPATH/Commands/Server/rewrite.php(43): require_once('FCPATH/index.php')
CRITICAL - 2022-06-23 07:29:57 --> Undefined variable: jenis
in APPPATH/Views/admin/listpembayaran.php on line 21.
 1 APPPATH/Views/admin/listpembayaran.php(21): CodeIgniter\Debug\Exceptions->errorHandler()
 2 SYSTEMPATH/View/View.php(213): include('APPPATH/Views/admin/listpembayaran.php')
 3 SYSTEMPATH/View/View.php(216): CodeIgniter\View\View->CodeIgniter\View\{closure}()
 4 SYSTEMPATH/Common.php(1135): CodeIgniter\View\View->render()
 5 APPPATH/Controllers/Admin/Pembayaran.php(23): view()
 6 SYSTEMPATH/CodeIgniter.php(896): App\Controllers\Admin\Pembayaran->tampil()
 7 SYSTEMPATH/CodeIgniter.php(466): CodeIgniter\CodeIgniter->runController()
 8 SYSTEMPATH/CodeIgniter.php(349): CodeIgniter\CodeIgniter->handleRequest()
 9 FCPATH/index.php(55): CodeIgniter\CodeIgniter->run()
10 SYSTEMPATH/Commands/Server/rewrite.php(43): require_once('FCPATH/index.php')
CRITICAL - 2022-06-23 09:14:27 --> Invalid file: pembayaran.php
in SYSTEMPATH/Exceptions/FrameworkException.php on line 33.
 1 SYSTEMPATH/View/View.php(201): CodeIgniter\Exceptions\FrameworkException::forInvalidFile()
 2 SYSTEMPATH/Common.php(1135): CodeIgniter\View\View->render()
 3 APPPATH/Controllers/Pembayaran.php(10): view()
 4 SYSTEMPATH/CodeIgniter.php(896): App\Controllers\Pembayaran->index()
 5 SYSTEMPATH/CodeIgniter.php(466): CodeIgniter\CodeIgniter->runController()
 6 SYSTEMPATH/CodeIgniter.php(349): CodeIgniter\CodeIgniter->handleRequest()
 7 FCPATH/index.php(55): CodeIgniter\CodeIgniter->run()
 8 SYSTEMPATH/Commands/Server/rewrite.php(43): require_once('FCPATH/index.php')
CRITICAL - 2022-06-23 10:50:29 --> Undefined variable: i
in APPPATH/Views/pilihbayar.php on line 100.
 1 APPPATH/Views/pilihbayar.php(100): CodeIgniter\Debug\Exceptions->errorHandler()
 2 SYSTEMPATH/View/View.php(213): include('APPPATH/Views/pilihbayar.php')
 3 SYSTEMPATH/View/View.php(216): CodeIgniter\View\View->CodeIgniter\View\{closure}()
 4 SYSTEMPATH/Common.php(1135): CodeIgniter\View\View->render()
 5 APPPATH/Controllers/Pembayaran.php(10): view()
 6 SYSTEMPATH/CodeIgniter.php(896): App\Controllers\Pembayaran->index()
 7 SYSTEMPATH/CodeIgniter.php(466): CodeIgniter\CodeIgniter->runController()
 8 SYSTEMPATH/CodeIgniter.php(349): CodeIgniter\CodeIgniter->handleRequest()
 9 FCPATH/index.php(55): CodeIgniter\CodeIgniter->run()
10 SYSTEMPATH/Commands/Server/rewrite.php(43): require_once('FCPATH/index.php')
CRITICAL - 2022-06-23 11:38:31 --> Trying to get property 'tagihan' of non-object
in APPPATH/Views/bayar2.php on line 80.
 1 APPPATH/Views/bayar2.php(80): CodeIgniter\Debug\Exceptions->errorHandler()
 2 SYSTEMPATH/View/View.php(213): include('APPPATH/Views/bayar2.php')
 3 SYSTEMPATH/View/View.php(216): CodeIgniter\View\View->CodeIgniter\View\{closure}()
 4 SYSTEMPATH/Common.php(1135): CodeIgniter\View\View->render()
 5 APPPATH/Controllers/Pembayaran.php(55): view()
 6 SYSTEMPATH/CodeIgniter.php(896): App\Controllers\Pembayaran->tagihan()
 7 SYSTEMPATH/CodeIgniter.php(466): CodeIgniter\CodeIgniter->runController()
 8 SYSTEMPATH/CodeIgniter.php(349): CodeIgniter\CodeIgniter->handleRequest()
 9 FCPATH/index.php(55): CodeIgniter\CodeIgniter->run()
10 SYSTEMPATH/Commands/Server/rewrite.php(43): require_once('FCPATH/index.php')
CRITICAL - 2022-06-23 11:39:38 --> Trying to get property 'tagihan' of non-object
in APPPATH/Views/bayar2.php on line 80.
 1 APPPATH/Views/bayar2.php(80): CodeIgniter\Debug\Exceptions->errorHandler()
 2 SYSTEMPATH/View/View.php(213): include('APPPATH/Views/bayar2.php')
 3 SYSTEMPATH/View/View.php(216): CodeIgniter\View\View->CodeIgniter\View\{closure}()
 4 SYSTEMPATH/Common.php(1135): CodeIgniter\View\View->render()
 5 APPPATH/Controllers/Pembayaran.php(55): view()
 6 SYSTEMPATH/CodeIgniter.php(896): App\Controllers\Pembayaran->tagihan()
 7 SYSTEMPATH/CodeIgniter.php(466): CodeIgniter\CodeIgniter->runController()
 8 SYSTEMPATH/CodeIgniter.php(349): CodeIgniter\CodeIgniter->handleRequest()
 9 FCPATH/index.php(55): CodeIgniter\CodeIgniter->run()
10 SYSTEMPATH/Commands/Server/rewrite.php(43): require_once('FCPATH/index.php')
CRITICAL - 2022-06-23 12:30:03 --> Undefined variable: id
in APPPATH/Views/formbayar.php on line 86.
 1 APPPATH/Views/formbayar.php(86): CodeIgniter\Debug\Exceptions->errorHandler()
 2 SYSTEMPATH/View/View.php(213): include('APPPATH/Views/formbayar.php')
 3 SYSTEMPATH/View/View.php(216): CodeIgniter\View\View->CodeIgniter\View\{closure}()
 4 SYSTEMPATH/Common.php(1135): CodeIgniter\View\View->render()
 5 APPPATH/Controllers/Pembayaran.php(46): view()
 6 SYSTEMPATH/CodeIgniter.php(896): App\Controllers\Pembayaran->formbayar()
 7 SYSTEMPATH/CodeIgniter.php(466): CodeIgniter\CodeIgniter->runController()
 8 SYSTEMPATH/CodeIgniter.php(349): CodeIgniter\CodeIgniter->handleRequest()
 9 FCPATH/index.php(55): CodeIgniter\CodeIgniter->run()
10 SYSTEMPATH/Commands/Server/rewrite.php(43): require_once('FCPATH/index.php')
CRITICAL - 2022-06-23 12:30:11 --> Undefined variable: id
in APPPATH/Views/formbayar.php on line 86.
 1 APPPATH/Views/formbayar.php(86): CodeIgniter\Debug\Exceptions->errorHandler()
 2 SYSTEMPATH/View/View.php(213): include('APPPATH/Views/formbayar.php')
 3 SYSTEMPATH/View/View.php(216): CodeIgniter\View\View->CodeIgniter\View\{closure}()
 4 SYSTEMPATH/Common.php(1135): CodeIgniter\View\View->render()
 5 APPPATH/Controllers/Pembayaran.php(46): view()
 6 SYSTEMPATH/CodeIgniter.php(896): App\Controllers\Pembayaran->formbayar()
 7 SYSTEMPATH/CodeIgniter.php(466): CodeIgniter\CodeIgniter->runController()
 8 SYSTEMPATH/CodeIgniter.php(349): CodeIgniter\CodeIgniter->handleRequest()
 9 FCPATH/index.php(55): CodeIgniter\CodeIgniter->run()
10 SYSTEMPATH/Commands/Server/rewrite.php(43): require_once('FCPATH/index.php')
CRITICAL - 2022-06-23 12:30:38 --> Undefined variable: id
in APPPATH/Views/formbayar.php on line 86.
 1 APPPATH/Views/formbayar.php(86): CodeIgniter\Debug\Exceptions->errorHandler()
 2 SYSTEMPATH/View/View.php(213): include('APPPATH/Views/formbayar.php')
 3 SYSTEMPATH/View/View.php(216): CodeIgniter\View\View->CodeIgniter\View\{closure}()
 4 SYSTEMPATH/Common.php(1135): CodeIgniter\View\View->render()
 5 APPPATH/Controllers/Pembayaran.php(46): view()
 6 SYSTEMPATH/CodeIgniter.php(896): App\Controllers\Pembayaran->formbayar()
 7 SYSTEMPATH/CodeIgniter.php(466): CodeIgniter\CodeIgniter->runController()
 8 SYSTEMPATH/CodeIgniter.php(349): CodeIgniter\CodeIgniter->handleRequest()
 9 FCPATH/index.php(55): CodeIgniter\CodeIgniter->run()
10 SYSTEMPATH/Commands/Server/rewrite.php(43): require_once('FCPATH/index.php')
CRITICAL - 2022-06-23 12:30:59 --> Undefined variable: id
in APPPATH/Views/formbayar.php on line 86.
 1 APPPATH/Views/formbayar.php(86): CodeIgniter\Debug\Exceptions->errorHandler()
 2 SYSTEMPATH/View/View.php(213): include('APPPATH/Views/formbayar.php')
 3 SYSTEMPATH/View/View.php(216): CodeIgniter\View\View->CodeIgniter\View\{closure}()
 4 SYSTEMPATH/Common.php(1135): CodeIgniter\View\View->render()
 5 APPPATH/Controllers/Pembayaran.php(47): view()
 6 SYSTEMPATH/CodeIgniter.php(896): App\Controllers\Pembayaran->formbayar()
 7 SYSTEMPATH/CodeIgniter.php(466): CodeIgniter\CodeIgniter->runController()
 8 SYSTEMPATH/CodeIgniter.php(349): CodeIgniter\CodeIgniter->handleRequest()
 9 FCPATH/index.php(55): CodeIgniter\CodeIgniter->run()
10 SYSTEMPATH/Commands/Server/rewrite.php(43): require_once('FCPATH/index.php')
CRITICAL - 2022-06-23 12:31:02 --> Undefined variable: id
in APPPATH/Views/formbayar.php on line 86.
 1 APPPATH/Views/formbayar.php(86): CodeIgniter\Debug\Exceptions->errorHandler()
 2 SYSTEMPATH/View/View.php(213): include('APPPATH/Views/formbayar.php')
 3 SYSTEMPATH/View/View.php(216): CodeIgniter\View\View->CodeIgniter\View\{closure}()
 4 SYSTEMPATH/Common.php(1135): CodeIgniter\View\View->render()
 5 APPPATH/Controllers/Pembayaran.php(47): view()
 6 SYSTEMPATH/CodeIgniter.php(896): App\Controllers\Pembayaran->formbayar()
 7 SYSTEMPATH/CodeIgniter.php(466): CodeIgniter\CodeIgniter->runController()
 8 SYSTEMPATH/CodeIgniter.php(349): CodeIgniter\CodeIgniter->handleRequest()
 9 FCPATH/index.php(55): CodeIgniter\CodeIgniter->run()
10 SYSTEMPATH/Commands/Server/rewrite.php(43): require_once('FCPATH/index.php')
CRITICAL - 2022-06-23 12:51:28 --> syntax error, unexpected 'if' (T_IF)
in APPPATH/Views/admin/templates/footer.php on line 196.
 1 SYSTEMPATH/View/View.php(216): CodeIgniter\View\View->CodeIgniter\View\{closure}()
 2 SYSTEMPATH/Common.php(1135): CodeIgniter\View\View->render()
 3 APPPATH/Controllers/Admin/Pembayaran.php(25): view()
 4 SYSTEMPATH/CodeIgniter.php(896): App\Controllers\Admin\Pembayaran->tampil()
 5 SYSTEMPATH/CodeIgniter.php(466): CodeIgniter\CodeIgniter->runController()
 6 SYSTEMPATH/CodeIgniter.php(349): CodeIgniter\CodeIgniter->handleRequest()
 7 FCPATH/index.php(55): CodeIgniter\CodeIgniter->run()
 8 SYSTEMPATH/Commands/Server/rewrite.php(43): require_once('FCPATH/index.php')
